\BOOKMARK [1][-]{title.1}{Title Page}{}% 1
\BOOKMARK [1][-]{abstract.1}{Abstract}{}% 2
\BOOKMARK [1][-]{toc.1}{Table of Contents}{}% 3
\BOOKMARK [0][-]{toclistings.1}{List of Figures}{}% 4
\BOOKMARK [0][-]{chapter.1}{1 Background, Motivation, and Overview}{}% 5
\BOOKMARK [1][-]{section.1.1}{1.1 Thesis Statement}{chapter.1}% 6
\BOOKMARK [1][-]{section.1.2}{1.2 Publications}{chapter.1}% 7
\BOOKMARK [0][-]{chapter.2}{2 Motion Capture for a Natural Tree in the Wind}{}% 8
\BOOKMARK [1][-]{section.2.1}{2.1 Introduction}{chapter.2}% 9
\BOOKMARK [1][-]{section.2.2}{2.2 Related Work}{chapter.2}% 10
\BOOKMARK [2][-]{subsection.2.2.1}{2.2.1 Static Tree Modeling}{section.2.2}% 11
\BOOKMARK [2][-]{subsection.2.2.2}{2.2.2 Animation of Trees}{section.2.2}% 12
\BOOKMARK [2][-]{subsection.2.2.3}{2.2.3 Motion Capture}{section.2.2}% 13
\BOOKMARK [1][-]{section.2.3}{2.3 Motion Capture}{chapter.2}% 14
\BOOKMARK [1][-]{section.2.4}{2.4 Build Static Tree Geometries}{chapter.2}% 15
\BOOKMARK [2][-]{subsection.2.4.1}{2.4.1 Skeleton and Topology Estimation}{section.2.4}% 16
\BOOKMARK [2][-]{subsection.2.4.2}{2.4.2 Geometry of Branches and Leaves}{section.2.4}% 17
\BOOKMARK [1][-]{section.2.5}{2.5 Build Tree Motion}{chapter.2}% 18
\BOOKMARK [2][-]{subsection.2.5.1}{2.5.1 Filter-based Noise Detection and Removal}{section.2.5}% 19
\BOOKMARK [2][-]{subsection.2.5.2}{2.5.2 Small Gaps in Data}{section.2.5}% 20
\BOOKMARK [2][-]{subsection.2.5.3}{2.5.3 Large Gaps in Data}{section.2.5}% 21
\BOOKMARK [2][-]{subsection.2.5.4}{2.5.4 \040Leaf Motions}{section.2.5}% 22
\BOOKMARK [1][-]{section.2.6}{2.6 Results}{chapter.2}% 23
\BOOKMARK [1][-]{section.2.7}{2.7 Conclusion and Future Work}{chapter.2}% 24
\BOOKMARK [0][-]{chapter.3}{3 Motion Capture of Rope}{}% 25
\BOOKMARK [1][-]{section.3.1}{3.1 Introduction}{chapter.3}% 26
\BOOKMARK [1][-]{section.3.2}{3.2 Related Work}{chapter.3}% 27
\BOOKMARK [1][-]{section.3.3}{3.3 Motion Capture Data}{chapter.3}% 28
\BOOKMARK [1][-]{section.3.4}{3.4 Reconstructing Rope Motion}{chapter.3}% 29
\BOOKMARK [2][-]{subsection.3.4.1}{3.4.1 Clustering Positions into Traces}{section.3.4}% 30
\BOOKMARK [2][-]{subsection.3.4.2}{3.4.2 Swaps}{section.3.4}% 31
\BOOKMARK [2][-]{subsection.3.4.3}{3.4.3 Gaps}{section.3.4}% 32
\BOOKMARK [2][-]{subsection.3.4.4}{3.4.4 Add Unused Data}{section.3.4}% 33
\BOOKMARK [2][-]{subsection.3.4.5}{3.4.5 Separate Rope Markers from Actor Markers}{section.3.4}% 34
\BOOKMARK [1][-]{section.3.5}{3.5 Results}{chapter.3}% 35
\BOOKMARK [1][-]{section.3.6}{3.6 Conclusion and Discussion}{chapter.3}% 36
\BOOKMARK [0][-]{chapter.4}{4 3D Tree Modeling Using Motion Capture}{}% 37
\BOOKMARK [1][-]{section.4.1}{4.1 Introduction}{chapter.4}% 38
\BOOKMARK [1][-]{section.4.2}{4.2 Related Work}{chapter.4}% 39
\BOOKMARK [2][-]{subsection.4.2.1}{4.2.1 Tree Modeling}{section.4.2}% 40
\BOOKMARK [2][-]{subsection.4.2.2}{4.2.2 Applied Motion Capture}{section.4.2}% 41
\BOOKMARK [1][-]{section.4.3}{4.3 Motion Capture of Trees}{chapter.4}% 42
\BOOKMARK [1][-]{section.4.4}{4.4 Data Processing}{chapter.4}% 43
\BOOKMARK [1][-]{section.4.5}{4.5 Generating 3D Tree Shape}{chapter.4}% 44
\BOOKMARK [1][-]{section.4.6}{4.6 Adding Leaves}{chapter.4}% 45
\BOOKMARK [1][-]{section.4.7}{4.7 Results}{chapter.4}% 46
\BOOKMARK [1][-]{section.4.8}{4.8 Discussion and Future Work}{chapter.4}% 47
\BOOKMARK [0][-]{chapter.5}{5 A Realistic 3D Tree Model Based on L-Systems}{}% 48
\BOOKMARK [1][-]{section.5.1}{5.1 Introduction}{chapter.5}% 49
\BOOKMARK [1][-]{section.5.2}{5.2 Related Work}{chapter.5}% 50
\BOOKMARK [2][-]{subsection.5.2.1}{5.2.1 L-systems}{section.5.2}% 51
\BOOKMARK [2][-]{subsection.5.2.2}{5.2.2 Image Reconstructions}{section.5.2}% 52
\BOOKMARK [2][-]{subsection.5.2.3}{5.2.3 Other Methods}{section.5.2}% 53
\BOOKMARK [1][-]{section.5.3}{5.3 Tree Modeling Using L-systems}{chapter.5}% 54
\BOOKMARK [2][-]{subsection.5.3.1}{5.3.1 Branch Library on L-systems}{section.5.3}% 55
\BOOKMARK [2][-]{subsection.5.3.2}{5.3.2 Hemisphere for Probabilities Distribution}{section.5.3}% 56
\BOOKMARK [2][-]{subsection.5.3.3}{5.3.3 Bounding Box for Local Growth Control}{section.5.3}% 57
\BOOKMARK [2][-]{subsection.5.3.4}{5.3.4 Growth Level Controls}{section.5.3}% 58
\BOOKMARK [2][-]{subsection.5.3.5}{5.3.5 Tree Generation Steps}{section.5.3}% 59
\BOOKMARK [2][-]{subsection.5.3.6}{5.3.6 Examples of 3D Tree Modeling}{section.5.3}% 60
\BOOKMARK [1][-]{section.5.4}{5.4 Results}{chapter.5}% 61
\BOOKMARK [2][-]{subsection.5.4.1}{5.4.1 Growth Probability Control by Hemisphere}{section.5.4}% 62
\BOOKMARK [2][-]{subsection.5.4.2}{5.4.2 Growth Level Controls}{section.5.4}% 63
\BOOKMARK [2][-]{subsection.5.4.3}{5.4.3 Growth Control over Small Components}{section.5.4}% 64
\BOOKMARK [2][-]{subsection.5.4.4}{5.4.4 Growth Control for Leaves}{section.5.4}% 65
\BOOKMARK [2][-]{subsection.5.4.5}{5.4.5 Growth Control by Bounding Box}{section.5.4}% 66
\BOOKMARK [2][-]{subsection.5.4.6}{5.4.6 Randomness}{section.5.4}% 67
\BOOKMARK [1][-]{section.5.5}{5.5 Conclusions and Discussions}{chapter.5}% 68
\BOOKMARK [1][-]{section.5.6}{5.6 Practical Application Plan}{chapter.5}% 69
\BOOKMARK [2][-]{subsection.5.6.1}{5.6.1 Social Effects}{section.5.6}% 70
\BOOKMARK [2][-]{subsection.5.6.2}{5.6.2 Political Effects}{section.5.6}% 71
\BOOKMARK [2][-]{subsection.5.6.3}{5.6.3 Economic Effects}{section.5.6}% 72
\BOOKMARK [0][-]{chapter.6}{6 Animating Trees Using Wind Fields Estimated from Motion Capture Data}{}% 73
\BOOKMARK [1][-]{section.6.1}{6.1 Introduction}{chapter.6}% 74
\BOOKMARK [1][-]{section.6.2}{6.2 Related Work}{chapter.6}% 75
\BOOKMARK [1][-]{section.6.3}{6.3 Methods}{chapter.6}% 76
\BOOKMARK [2][-]{subsection.6.3.1}{6.3.1 Motion Capture}{section.6.3}% 77
\BOOKMARK [2][-]{subsection.6.3.2}{6.3.2 Tree Modeling}{section.6.3}% 78
\BOOKMARK [2][-]{subsection.6.3.3}{6.3.3 Wind\205tree Interaction}{section.6.3}% 79
\BOOKMARK [1][-]{section.6.4}{6.4 Results}{chapter.6}% 80
\BOOKMARK [1][-]{section.6.5}{6.5 Discussion and Future Work}{chapter.6}% 81
\BOOKMARK [0][-]{chapter.7}{7 Discussion and Conclusion}{}% 82
\BOOKMARK [0][-]{toclistings.2}{References}{}% 83
